<?xml version="1.0" encoding="UTF-8"?>
<!-- Generated by org.testng.reporters.JUnitReportReporter -->
<testsuite hostname="Rachita" failures="0" tests="1" name="testcase.LoginTest" time="0.013" errors="0" timestamp="2022-04-28T12:38:26 CEST" skipped="0">
  <testcase classname="testcase.LoginTest" name="basicPanel" time="0.013"/>
  <system-out/>
</testsuite> <!-- testcase.LoginTest -->
